{
  "stats": {
    "suites": 1,
    "tests": 6,
    "passes": 6,
    "pending": 0,
    "failures": 0,
    "start": "2022-01-27T00:50:49.993Z",
    "end": "2022-01-27T00:51:33.859Z",
    "duration": 43866,
    "testsRegistered": 6,
    "passPercent": 100,
    "pendingPercent": 0,
    "other": 0,
    "hasOther": false,
    "skipped": 0,
    "hasSkipped": false
  },
  "results": [
    {
      "uuid": "eef128d2-7606-4e1d-907d-114e0395ad75",
      "title": "",
      "fullFile": "cypress/integration/first_test.js",
      "file": "cypress/integration/first_test.js",
      "beforeHooks": [],
      "afterHooks": [],
      "tests": [],
      "suites": [
        {
          "uuid": "123cf567-843e-4106-a38c-bcb0bd4cd7f1",
          "title": "My Cypress Test Project",
          "fullFile": "",
          "file": "",
          "beforeHooks": [],
          "afterHooks": [],
          "tests": [
            {
              "title": "This Test is for Loading Website",
              "fullTitle": "My Cypress Test Project This Test is for Loading Website",
              "timedOut": null,
              "duration": 11906,
              "state": "passed",
              "speed": "slow",
              "pass": true,
              "fail": false,
              "pending": false,
              "context": null,
              "code": "const AssertCheckWebPage = '#main > div > nav > div > a';\ncy.visit('/').wait(7000);\ncy.get(AssertCheckWebPage).should('have.text', 'conduit'); //visit site",
              "err": {},
              "uuid": "cb6ce127-b017-4f6a-bc83-0bf7d33469ff",
              "parentUUID": "123cf567-843e-4106-a38c-bcb0bd4cd7f1",
              "isHook": false,
              "skipped": false
            },
            {
              "title": "This Test is for Signing Up by providing any Username, email and Password",
              "fullTitle": "My Cypress Test Project This Test is for Signing Up by providing any Username, email and Password",
              "timedOut": null,
              "duration": 9093,
              "state": "passed",
              "speed": "medium",
              "pass": true,
              "fail": false,
              "pending": false,
              "context": null,
              "code": "_Sign_Up.ToSignUp.ClickOnSignUpButton();\n_Sign_Up.ToSignUp.TypeNameforSignUp();\n_Sign_Up.ToSignUp.TypeMailAddressForSignUp();\n_Sign_Up.ToSignUp.TypePassWordForSignUp();\n_Sign_Up.ToSignUp.WaitForDashBoardToLoad();\n_Sign_Up.ToSignUp.AssertionCheck();",
              "err": {},
              "uuid": "04e30e2e-925e-407d-bb45-7bf1ec89b29c",
              "parentUUID": "123cf567-843e-4106-a38c-bcb0bd4cd7f1",
              "isHook": false,
              "skipped": false
            },
            {
              "title": "This Test is for creating New Post",
              "fullTitle": "My Cypress Test Project This Test is for creating New Post",
              "timedOut": null,
              "duration": 9139,
              "state": "passed",
              "speed": "medium",
              "pass": true,
              "fail": false,
              "pending": false,
              "context": null,
              "code": "_NewPost.toNewPost.ClickOnNewPostButton();\n_NewPost.toNewPost.AssertionCheckBeforeNewPost();\n_NewPost.toNewPost.TypeNewPostTitle();\n_NewPost.toNewPost.TypePostDescription();\n_NewPost.toNewPost.TypePostBody();\n_NewPost.toNewPost.TypeTagsOfPost();\n_NewPost.toNewPost.PostArticle();\n_NewPost.toNewPost.WaitForArticleToPost();\n_NewPost.toNewPost.AssertionCheckAfterNewPost();",
              "err": {},
              "uuid": "9e17b6a8-d3ed-429a-807c-d1f7ccfdde5f",
              "parentUUID": "123cf567-843e-4106-a38c-bcb0bd4cd7f1",
              "isHook": false,
              "skipped": false
            },
            {
              "title": "This test is to Post Comment",
              "fullTitle": "My Cypress Test Project This test is to Post Comment",
              "timedOut": null,
              "duration": 7696,
              "state": "passed",
              "speed": "medium",
              "pass": true,
              "fail": false,
              "pending": false,
              "context": null,
              "code": "_Comment.toComment.WriteComment();\n_Comment.toComment.PostComment();\n_Comment.toComment.WaitForComment();\n_Comment.toComment.ViewComment();",
              "err": {},
              "uuid": "3112ec04-9120-4615-bacc-8dc4f96398db",
              "parentUUID": "123cf567-843e-4106-a38c-bcb0bd4cd7f1",
              "isHook": false,
              "skipped": false
            },
            {
              "title": "This test is for Deleting Post",
              "fullTitle": "My Cypress Test Project This test is for Deleting Post",
              "timedOut": null,
              "duration": 5226,
              "state": "passed",
              "speed": "medium",
              "pass": true,
              "fail": false,
              "pending": false,
              "context": null,
              "code": "_DeletePost.toDeletePost.DeletePost();\n_DeletePost.toDeletePost.WaitForDashBoard();\n_Sign_Up.ToSignUp.AssertionCheck();",
              "err": {},
              "uuid": "b38aaeb5-dacb-4f17-ac8b-155d2d6b9896",
              "parentUUID": "123cf567-843e-4106-a38c-bcb0bd4cd7f1",
              "isHook": false,
              "skipped": false
            },
            {
              "title": "This test is for Logging Out",
              "fullTitle": "My Cypress Test Project This test is for Logging Out",
              "timedOut": null,
              "duration": 494,
              "state": "passed",
              "speed": "fast",
              "pass": true,
              "fail": false,
              "pending": false,
              "context": null,
              "code": "_LogOut.toLogOut.ClickOnSettingsButton();\n_LogOut.toLogOut.ScrollToLogOutButton();\n_LogOut.toLogOut.ClickOnLogOut();\n_LogOut.toLogOut.AssertionCheckOfLogOut();",
              "err": {},
              "uuid": "c5afb25c-f149-47c6-86f2-3331124f2b85",
              "parentUUID": "123cf567-843e-4106-a38c-bcb0bd4cd7f1",
              "isHook": false,
              "skipped": false
            }
          ],
          "suites": [],
          "passes": [
            "cb6ce127-b017-4f6a-bc83-0bf7d33469ff",
            "04e30e2e-925e-407d-bb45-7bf1ec89b29c",
            "9e17b6a8-d3ed-429a-807c-d1f7ccfdde5f",
            "3112ec04-9120-4615-bacc-8dc4f96398db",
            "b38aaeb5-dacb-4f17-ac8b-155d2d6b9896",
            "c5afb25c-f149-47c6-86f2-3331124f2b85"
          ],
          "failures": [],
          "pending": [],
          "skipped": [],
          "duration": 43554,
          "root": false,
          "rootEmpty": false,
          "_timeout": 2000
        }
      ],
      "passes": [],
      "failures": [],
      "pending": [],
      "skipped": [],
      "duration": 0,
      "root": true,
      "rootEmpty": true,
      "_timeout": 2000
    }
  ],
  "meta": {
    "mocha": {
      "version": "7.0.1"
    },
    "mochawesome": {
      "options": {
        "quiet": false,
        "reportFilename": "mochawesome",
        "saveHtml": true,
        "saveJson": true,
        "consoleReporter": "spec",
        "useInlineDiffs": false,
        "code": true
      },
      "version": "7.0.1"
    },
    "marge": {
      "options": null,
      "version": "6.0.1"
    }
  }
}