{
  "stats": {
    "suites": 0,
    "tests": 6,
    "passes": 6,
    "pending": 0,
    "failures": 0,
    "start": "2022-01-25T22:28:01.880Z",
    "end": "2022-01-25T22:28:46.503Z",
    "duration": 44623,
    "testsRegistered": 6,
    "passPercent": 100,
    "pendingPercent": 0,
    "other": 0,
    "hasOther": false,
    "skipped": 0,
    "hasSkipped": false
  },
  "results": [
    {
      "uuid": "1fda6f39-b95f-42e1-a8c8-e8b71b07ddd3",
      "title": "",
      "fullFile": "cypress/integration/first_test.js",
      "file": "cypress/integration/first_test.js",
      "beforeHooks": [],
      "afterHooks": [],
      "tests": [
        {
          "title": "Load Website",
          "fullTitle": "Load Website",
          "timedOut": null,
          "duration": 11728,
          "state": "passed",
          "speed": "slow",
          "pass": true,
          "fail": false,
          "pending": false,
          "context": null,
          "code": "cy.visit('/').wait(7000);\ncy.get('#main > div > nav > div > a').should('have.text', 'conduit'); //visit site    \n//assert.equal(cy.get('.navbar-brand'))",
          "err": {},
          "uuid": "baa2fbb6-7e3d-467d-8369-6d91dc66fe46",
          "parentUUID": "1fda6f39-b95f-42e1-a8c8-e8b71b07ddd3",
          "isHook": false,
          "skipped": false
        },
        {
          "title": "SignUp",
          "fullTitle": "SignUp",
          "timedOut": null,
          "duration": 9201,
          "state": "passed",
          "speed": "medium",
          "pass": true,
          "fail": false,
          "pending": false,
          "context": null,
          "code": "cy.get(':nth-child(3) > .nav-link').click(); //click signup\ncy.get(':nth-child(1) > .form-control').type(userID_Alpha_Numeric()); // Typing Name\ncy.get(':nth-child(2) > .form-control').type(userID_Alpha_Numeric() + '@gmail.com'); // Typing mail address\ncy.get(':nth-child(3) > .form-control').type('N@fis2022').type('{enter}'); // Typing Password and press enter\ncy.wait(7000); // Wait for 7 sec to load dashboard",
          "err": {},
          "uuid": "26f15db8-654a-43aa-9720-3dec8c5d9e50",
          "parentUUID": "1fda6f39-b95f-42e1-a8c8-e8b71b07ddd3",
          "isHook": false,
          "skipped": false
        },
        {
          "title": "New Post",
          "fullTitle": "New Post",
          "timedOut": null,
          "duration": 9859,
          "state": "passed",
          "speed": "medium",
          "pass": true,
          "fail": false,
          "pending": false,
          "context": null,
          "code": "cy.get('.container > .nav > :nth-child(2) > .nav-link').click(); //New post\ncy.get(':nth-child(1) > .form-control').type('This is a Test Post for 2022'); //Post Title\ncy.get(':nth-child(2) > .form-control').type('This post is about Test'); //Description\ncy.get(':nth-child(3) > .form-control').type('Hello!!! How was the Test Post????'); //Article\ncy.get(':nth-child(4) > .form-control').type('#Test #Post #New'); //Tags\ncy.get('.btn').click(); //Post Article\ncy.wait(6000); // Wait for 6 sec to post the article",
          "err": {},
          "uuid": "b1cd59f3-1ede-46c8-95b0-d53c239e9440",
          "parentUUID": "1fda6f39-b95f-42e1-a8c8-e8b71b07ddd3",
          "isHook": false,
          "skipped": false
        },
        {
          "title": "Comment",
          "fullTitle": "Comment",
          "timedOut": null,
          "duration": 7819,
          "state": "passed",
          "speed": "medium",
          "pass": true,
          "fail": false,
          "pending": false,
          "context": null,
          "code": "cy.get('.form-control').type('Nice Post'); //Write Comment\ncy.get('.card-footer > .btn').click(); //Post Comment\ncy.wait(7000); // Wait for 7 sec to load the comment\ncy.get(':nth-child(2) > .card > .card-block').scrollIntoView(); // Make the new comment visible",
          "err": {},
          "uuid": "9a56a5f5-433e-4c73-b366-1d3fdcf7e535",
          "parentUUID": "1fda6f39-b95f-42e1-a8c8-e8b71b07ddd3",
          "isHook": false,
          "skipped": false
        },
        {
          "title": "Post Delete",
          "fullTitle": "Post Delete",
          "timedOut": null,
          "duration": 5266,
          "state": "passed",
          "speed": "medium",
          "pass": true,
          "fail": false,
          "pending": false,
          "context": null,
          "code": "cy.get('.btn-outline-danger').click(); //Click Delete Button\ncy.wait(5000); // Wait for 5 sec to load the dashboard",
          "err": {},
          "uuid": "be74389c-f99c-4a71-a25e-f0879b249de2",
          "parentUUID": "1fda6f39-b95f-42e1-a8c8-e8b71b07ddd3",
          "isHook": false,
          "skipped": false
        },
        {
          "title": "LogOut",
          "fullTitle": "LogOut",
          "timedOut": null,
          "duration": 404,
          "state": "passed",
          "speed": "fast",
          "pass": true,
          "fail": false,
          "pending": false,
          "context": null,
          "code": "cy.get(':nth-child(3) > .nav-link').click(); //Click on Settings button\ncy.get('.btn-outline-danger').scrollIntoView(); //Scroll down to Logout button\ncy.get('.btn-outline-danger').click(); //Click Logout button",
          "err": {},
          "uuid": "166a6dc2-013d-45c5-91ca-8ff8b813d921",
          "parentUUID": "1fda6f39-b95f-42e1-a8c8-e8b71b07ddd3",
          "isHook": false,
          "skipped": false
        }
      ],
      "suites": [],
      "passes": [
        "baa2fbb6-7e3d-467d-8369-6d91dc66fe46",
        "26f15db8-654a-43aa-9720-3dec8c5d9e50",
        "b1cd59f3-1ede-46c8-95b0-d53c239e9440",
        "9a56a5f5-433e-4c73-b366-1d3fdcf7e535",
        "be74389c-f99c-4a71-a25e-f0879b249de2",
        "166a6dc2-013d-45c5-91ca-8ff8b813d921"
      ],
      "failures": [],
      "pending": [],
      "skipped": [],
      "duration": 44277,
      "root": true,
      "rootEmpty": false,
      "_timeout": 2000
    }
  ],
  "meta": {
    "mocha": {
      "version": "7.0.1"
    },
    "mochawesome": {
      "options": {
        "quiet": false,
        "reportFilename": "mochawesome",
        "saveHtml": true,
        "saveJson": true,
        "consoleReporter": "spec",
        "useInlineDiffs": false,
        "code": true
      },
      "version": "7.0.1"
    },
    "marge": {
      "options": null,
      "version": "6.0.1"
    }
  }
}