{
  "stats": {
    "suites": 0,
    "tests": 6,
    "passes": 6,
    "pending": 0,
    "failures": 0,
    "start": "2022-01-26T21:02:19.138Z",
    "end": "2022-01-26T21:03:07.639Z",
    "duration": 48501,
    "testsRegistered": 6,
    "passPercent": 100,
    "pendingPercent": 0,
    "other": 0,
    "hasOther": false,
    "skipped": 0,
    "hasSkipped": false
  },
  "results": [
    {
      "uuid": "8647dae3-9163-4ad1-a344-59108fc30d20",
      "title": "",
      "fullFile": "cypress/integration/first_test.js",
      "file": "cypress/integration/first_test.js",
      "beforeHooks": [],
      "afterHooks": [],
      "tests": [
        {
          "title": "This Test is for Loading Website",
          "fullTitle": "This Test is for Loading Website",
          "timedOut": null,
          "duration": 12698,
          "state": "passed",
          "speed": "slow",
          "pass": true,
          "fail": false,
          "pending": false,
          "context": null,
          "code": "cy.visit('/').wait(7000);\ncy.get(AssertCheckWebPage).should('have.text', 'conduit'); //visit site    \n//assert.equal(cy.get('.navbar-brand'))",
          "err": {},
          "uuid": "38df289b-9b19-4c5f-8eb4-39957f15d49b",
          "parentUUID": "8647dae3-9163-4ad1-a344-59108fc30d20",
          "isHook": false,
          "skipped": false
        },
        {
          "title": "This Test is for Signing Up by providing any Username, email and Password",
          "fullTitle": "This Test is for Signing Up by providing any Username, email and Password",
          "timedOut": null,
          "duration": 10174,
          "state": "passed",
          "speed": "slow",
          "pass": true,
          "fail": false,
          "pending": false,
          "context": null,
          "code": "_Sign_Up.ToSignUp.ClickOnSignUpButton();\n_Sign_Up.ToSignUp.TypeNameforSignUp();\n_Sign_Up.ToSignUp.TypeMailAddressForSignUp();\n_Sign_Up.ToSignUp.TypePassWordForSignUp();\n_Sign_Up.ToSignUp.WaitForDashBoardToLoad();\n_Sign_Up.ToSignUp.AssertionCheck();",
          "err": {},
          "uuid": "4d374875-a70d-4c8c-bd00-a695ad1da679",
          "parentUUID": "8647dae3-9163-4ad1-a344-59108fc30d20",
          "isHook": false,
          "skipped": false
        },
        {
          "title": "This Test is for creating New Post",
          "fullTitle": "This Test is for creating New Post",
          "timedOut": null,
          "duration": 11629,
          "state": "passed",
          "speed": "slow",
          "pass": true,
          "fail": false,
          "pending": false,
          "context": null,
          "code": "_NewPost.toNewPost.ClickOnNewPostButton();\n_NewPost.toNewPost.AssertionCheckBeforeNewPost();\n_NewPost.toNewPost.TypeNewPostTitle();\n_NewPost.toNewPost.TypePostDescription();\n_NewPost.toNewPost.TypePostBody();\n_NewPost.toNewPost.TypeTagsOfPost();\n_NewPost.toNewPost.PostArticle();\n_NewPost.toNewPost.WaitForArticleToPost();\n_NewPost.toNewPost.AssertionCheckAfterNewPost();",
          "err": {},
          "uuid": "ddc50607-c9e3-40dc-8fbc-072caf561a42",
          "parentUUID": "8647dae3-9163-4ad1-a344-59108fc30d20",
          "isHook": false,
          "skipped": false
        },
        {
          "title": "This test is to Post Comment",
          "fullTitle": "This test is to Post Comment",
          "timedOut": null,
          "duration": 7740,
          "state": "passed",
          "speed": "medium",
          "pass": true,
          "fail": false,
          "pending": false,
          "context": null,
          "code": "_Comment.toComment.WriteComment();\n_Comment.toComment.PostComment();\n_Comment.toComment.WaitForComment();\n_Comment.toComment.ViewComment();",
          "err": {},
          "uuid": "a73fbe20-d0d4-46c8-aebb-c334156d5108",
          "parentUUID": "8647dae3-9163-4ad1-a344-59108fc30d20",
          "isHook": false,
          "skipped": false
        },
        {
          "title": "This test is for Deleting Post",
          "fullTitle": "This test is for Deleting Post",
          "timedOut": null,
          "duration": 5275,
          "state": "passed",
          "speed": "medium",
          "pass": true,
          "fail": false,
          "pending": false,
          "context": null,
          "code": "_DeletePost.toDeletePost.DeletePost();\n_DeletePost.toDeletePost.WaitForDashBoard();\n_Sign_Up.ToSignUp.AssertionCheck();",
          "err": {},
          "uuid": "1becc51c-886a-42fe-ad14-4d719c1a2552",
          "parentUUID": "8647dae3-9163-4ad1-a344-59108fc30d20",
          "isHook": false,
          "skipped": false
        },
        {
          "title": "This test is for Logging Out",
          "fullTitle": "This test is for Logging Out",
          "timedOut": null,
          "duration": 511,
          "state": "passed",
          "speed": "fast",
          "pass": true,
          "fail": false,
          "pending": false,
          "context": null,
          "code": "_LogOut.toLogOut.ClickOnSettingsButton();\n_LogOut.toLogOut.ScrollToLogOutButton();\n_LogOut.toLogOut.ClickOnLogOut();\n_LogOut.toLogOut.AssertionCheckOfLogOut();",
          "err": {},
          "uuid": "fbe760b6-a91c-4c67-a895-e158f7da0d91",
          "parentUUID": "8647dae3-9163-4ad1-a344-59108fc30d20",
          "isHook": false,
          "skipped": false
        }
      ],
      "suites": [],
      "passes": [
        "38df289b-9b19-4c5f-8eb4-39957f15d49b",
        "4d374875-a70d-4c8c-bd00-a695ad1da679",
        "ddc50607-c9e3-40dc-8fbc-072caf561a42",
        "a73fbe20-d0d4-46c8-aebb-c334156d5108",
        "1becc51c-886a-42fe-ad14-4d719c1a2552",
        "fbe760b6-a91c-4c67-a895-e158f7da0d91"
      ],
      "failures": [],
      "pending": [],
      "skipped": [],
      "duration": 48027,
      "root": true,
      "rootEmpty": false,
      "_timeout": 2000
    }
  ],
  "meta": {
    "mocha": {
      "version": "7.0.1"
    },
    "mochawesome": {
      "options": {
        "quiet": false,
        "reportFilename": "mochawesome",
        "saveHtml": true,
        "saveJson": true,
        "consoleReporter": "spec",
        "useInlineDiffs": false,
        "code": true
      },
      "version": "7.0.1"
    },
    "marge": {
      "options": null,
      "version": "6.0.1"
    }
  }
}